<?xml version="1.0" encoding="UTF-8"?>
<testsuite xmlns:xsi="http://www.w3.org/2001/XMLSchema-instance" xsi:noNamespaceSchemaLocation="https://maven.apache.org/surefire/maven-surefire-plugin/xsd/surefire-test-report-3.0.xsd" version="3.0" name="com.renatam.AppTest" time="0.054" tests="7" errors="0" skipped="0" failures="0">
  <properties>
    <property name="java.specification.version" value="14"/>
    <property name="sun.cpu.isalist" value="amd64"/>
    <property name="sun.jnu.encoding" value="Cp1252"/>
    <property name="java.class.path" value="C:\Users\Luiz.Carvalho\Desktop\Aulas\DesenvolvimentoDeSoftware\Sistema-Bancario\target\test-classes;C:\Users\Luiz.Carvalho\Desktop\Aulas\DesenvolvimentoDeSoftware\Sistema-Bancario\target\classes;C:\Users\Luiz.Carvalho\.m2\repository\junit\junit\4.12\junit-4.12.jar;C:\Users\Luiz.Carvalho\.m2\repository\org\hamcrest\hamcrest-core\1.3\hamcrest-core-1.3.jar;C:\Users\Luiz.Carvalho\.m2\repository\org\mockito\mockito-all\1.10.19\mockito-all-1.10.19.jar;"/>
    <property name="java.vm.vendor" value="Oracle Corporation"/>
    <property name="sun.arch.data.model" value="64"/>
    <property name="user.variant" value=""/>
    <property name="java.vendor.url" value="https://java.oracle.com/"/>
    <property name="user.timezone" value="America/Bahia"/>
    <property name="os.name" value="Windows 10"/>
    <property name="java.vm.specification.version" value="14"/>
    <property name="sun.java.launcher" value="SUN_STANDARD"/>
    <property name="user.country" value="GB"/>
    <property name="sun.boot.library.path" value="C:\Program Files\Java\jdk-14.0.2\bin"/>
    <property name="sun.java.command" value="C:\Users\Luiz.Carvalho\AppData\Local\Temp\surefire9672452357814097573\surefirebooter18087906441594915633.jar C:\Users\Luiz.Carvalho\AppData\Local\Temp\surefire9672452357814097573 2020-09-24T20-54-23_523-jvmRun1 surefire7810773820729626456tmp surefire_011147187141340783658tmp"/>
    <property name="jdk.debug" value="release"/>
    <property name="surefire.test.class.path" value="C:\Users\Luiz.Carvalho\Desktop\Aulas\DesenvolvimentoDeSoftware\Sistema-Bancario\target\test-classes;C:\Users\Luiz.Carvalho\Desktop\Aulas\DesenvolvimentoDeSoftware\Sistema-Bancario\target\classes;C:\Users\Luiz.Carvalho\.m2\repository\junit\junit\4.12\junit-4.12.jar;C:\Users\Luiz.Carvalho\.m2\repository\org\hamcrest\hamcrest-core\1.3\hamcrest-core-1.3.jar;C:\Users\Luiz.Carvalho\.m2\repository\org\mockito\mockito-all\1.10.19\mockito-all-1.10.19.jar;"/>
    <property name="sun.cpu.endian" value="little"/>
    <property name="user.home" value="C:\Users\Luiz.Carvalho"/>
    <property name="user.language" value="en"/>
    <property name="java.specification.vendor" value="Oracle Corporation"/>
    <property name="java.version.date" value="2020-07-14"/>
    <property name="java.home" value="C:\Program Files\Java\jdk-14.0.2"/>
    <property name="file.separator" value="\"/>
    <property name="basedir" value="C:\Users\Luiz.Carvalho\Desktop\Aulas\DesenvolvimentoDeSoftware\Sistema-Bancario"/>
    <property name="java.vm.compressedOopsMode" value="32-bit"/>
    <property name="line.separator" value="&#10;"/>
    <property name="java.vm.specification.vendor" value="Oracle Corporation"/>
    <property name="java.specification.name" value="Java Platform API Specification"/>
    <property name="surefire.real.class.path" value="C:\Users\Luiz.Carvalho\AppData\Local\Temp\surefire9672452357814097573\surefirebooter18087906441594915633.jar"/>
    <property name="user.script" value=""/>
    <property name="sun.management.compiler" value="HotSpot 64-Bit Tiered Compilers"/>
    <property name="java.runtime.version" value="14.0.2+12-46"/>
    <property name="user.name" value="Luiz.Carvalho"/>
    <property name="path.separator" value=";"/>
    <property name="os.version" value="10.0"/>
    <property name="java.runtime.name" value="Java(TM) SE Runtime Environment"/>
    <property name="file.encoding" value="Cp1252"/>
    <property name="java.vm.name" value="Java HotSpot(TM) 64-Bit Server VM"/>
    <property name="localRepository" value="C:\Users\Luiz.Carvalho\.m2\repository"/>
    <property name="java.vendor.url.bug" value="https://bugreport.java.com/bugreport/"/>
    <property name="java.io.tmpdir" value="C:\Users\LUIZ~1.CAR\AppData\Local\Temp\"/>
    <property name="java.version" value="14.0.2"/>
    <property name="user.dir" value="C:\Users\Luiz.Carvalho\Desktop\Aulas\DesenvolvimentoDeSoftware\Sistema-Bancario"/>
    <property name="os.arch" value="amd64"/>
    <property name="java.vm.specification.name" value="Java Virtual Machine Specification"/>
    <property name="sun.os.patch.level" value=""/>
    <property name="java.library.path" value="C:\Program Files\Java\jdk-14.0.2\bin;C:\Windows\Sun\Java\bin;C:\Windows\system32;C:\Windows;C:\Windows\system32;C:\Windows;C:\Windows\System32\Wbem;C:\Windows\System32\WindowsPowerShell\v1.0\;C:\Windows\System32\OpenSSH\;C:\Program Files\Git\cmd;C:\Program Files\dotnet\;C:\Program Files\Microsoft SQL Server\130\Tools\Binn\;C:\Program Files\Microsoft SQL Server\Client SDK\ODBC\170\Tools\Binn\;C:\Program Files\nodejs\;C:\ProgramData\chocolatey\bin;C:\Program Files (x86)\Yarn\bin\;C:\Program Files\Java\jdk-14.0.2\bin;C:\Users\Luiz.Carvalho\AppData\Local\Microsoft\WindowsApps;C:\Users\Luiz.Carvalho\.dotnet\tools;C:\Users\Luiz.Carvalho\AppData\Roaming\npm;C:\Users\Luiz.Carvalho\AppData\Local\Programs\Microsoft VS Code\bin;C:\Users\Luiz.Carvalho\AppData\Local\Yarn\bin;C:\Program Files\apache-maven-3.6.3\bin;."/>
    <property name="java.vm.info" value="mixed mode, sharing"/>
    <property name="java.vendor" value="Oracle Corporation"/>
    <property name="java.vm.version" value="14.0.2+12-46"/>
    <property name="sun.io.unicode.encoding" value="UnicodeLittle"/>
    <property name="java.class.version" value="58.0"/>
  </properties>
  <testcase name="goldSilver" classname="com.renatam.AppTest" time="0.001"/>
  <testcase name="saldoInicialAlto" classname="com.renatam.AppTest" time="0"/>
  <testcase name="platinumGold" classname="com.renatam.AppTest" time="0"/>
  <testcase name="goldPlatinum" classname="com.renatam.AppTest" time="0"/>
  <testcase name="siverGold" classname="com.renatam.AppTest" time="0"/>
  <testcase name="saldoInicialBaixo" classname="com.renatam.AppTest" time="0"/>
  <testcase name="saldoInicialMedio" classname="com.renatam.AppTest" time="0"/>
</testsuite>